# JRE version: OpenJDK Runtime Environment (12.0+33) (build 12+33)
# Java VM: OpenJDK 64-Bit Server VM (12+33, mixed mode, sharing, tiered, compressed oops, g1 gc, windows-amd64)
Heap:
 garbage-first heap   total 567296K, used 297445K [0x0000000080400000, 0x0000000100000000)
  region size 1024K, 7 young (7168K), 2 survivors (2048K)
 Metaspace       used 35105K, capacity 36060K, committed 36348K, reserved 1081344K
  class space    used 3934K, capacity 4270K, committed 4348K, reserved 1048576K
GC Heap History (10 events):
Event: 16.947 GC heap before
{Heap before GC invocations=21 (full 0):
 garbage-first heap   total 45056K, used 33417K [0x0000000080400000, 0x0000000100000000)
  region size 1024K, 14 young (14336K), 1 survivors (1024K)
 Metaspace       used 31007K, capacity 31816K, committed 31996K, reserved 1077248K
  class space    used 3400K, capacity 3698K, committed 3836K, reserved 1048576K
}
Event: 16.949 GC heap after
{Heap after GC invocations=22 (full 0):
 garbage-first heap   total 45056K, used 21664K [0x0000000080400000, 0x0000000100000000)
  region size 1024K, 2 young (2048K), 2 survivors (2048K)
 Metaspace       used 31007K, capacity 31816K, committed 31996K, reserved 1077248K
  class space    used 3400K, capacity 3698K, committed 3836K, reserved 1048576K
}
Event: 16.993 GC heap before
{Heap before GC invocations=22 (full 0):
 garbage-first heap   total 45056K, used 33952K [0x0000000080400000, 0x0000000100000000)
  region size 1024K, 15 young (15360K), 2 survivors (2048K)
 Metaspace       used 31007K, capacity 31816K, committed 31996K, reserved 1077248K
  class space    used 3400K, capacity 3698K, committed 3836K, reserved 1048576K
}
Event: 16.997 GC heap after
{Heap after GC invocations=23 (full 0):
 garbage-first heap   total 45056K, used 21977K [0x0000000080400000, 0x0000000100000000)
  region size 1024K, 2 young (2048K), 2 survivors (2048K)
 Metaspace       used 31007K, capacity 31816K, committed 31996K, reserved 1077248K
  class space    used 3400K, capacity 3698K, committed 3836K, reserved 1048576K
}
Event: 17.315 GC heap before
{Heap before GC invocations=24 (full 0):
 garbage-first heap   total 45056K, used 35289K [0x0000000080400000, 0x0000000100000000)
  region size 1024K, 15 young (15360K), 2 survivors (2048K)
 Metaspace       used 32144K, capacity 33006K, committed 33148K, reserved 1079296K
  class space    used 3580K, capacity 3903K, committed 3964K, reserved 1048576K
}
Event: 17.323 GC heap after
{Heap after GC invocations=25 (full 0):
 garbage-first heap   total 45056K, used 22281K [0x0000000080400000, 0x0000000100000000)
  region size 1024K, 2 young (2048K), 2 survivors (2048K)
 Metaspace       used 32144K, capacity 33006K, committed 33148K, reserved 1079296K
  class space    used 3580K, capacity 3903K, committed 3964K, reserved 1048576K
}
Event: 17.420 GC heap before
{Heap before GC invocations=25 (full 0):
 garbage-first heap   total 45056K, used 23305K [0x0000000080400000, 0x0000000100000000)
  region size 1024K, 3 young (3072K), 2 survivors (2048K)
 Metaspace       used 32258K, capacity 33075K, committed 33148K, reserved 1079296K
  class space    used 3598K, capacity 3905K, committed 3964K, reserved 1048576K
}
Event: 17.424 GC heap after
{Heap after GC invocations=26 (full 0):
 garbage-first heap   total 45056K, used 22265K [0x0000000080400000, 0x0000000100000000)
  region size 1024K, 1 young (1024K), 1 survivors (1024K)
 Metaspace       used 32258K, capacity 33075K, committed 33148K, reserved 1079296K
  class space    used 3598K, capacity 3905K, committed 3964K, reserved 1048576K
}
Event: 23.371 GC heap before
{Heap before GC invocations=26 (full 0):
 garbage-first heap   total 45056K, used 35577K [0x0000000080400000, 0x0000000100000000)
  region size 1024K, 14 young (14336K), 1 survivors (1024K)
 Metaspace       used 34635K, capacity 35544K, committed 35836K, reserved 1081344K
  class space    used 3882K, capacity 4226K, committed 4348K, reserved 1048576K
}
Event: 23.385 GC heap after
{Heap after GC invocations=27 (full 0):
 garbage-first heap   total 45056K, used 23013K [0x0000000080400000, 0x0000000100000000)
  region size 1024K, 2 young (2048K), 2 survivors (2048K)
 Metaspace       used 34635K, capacity 35544K, committed 35836K, reserved 1081344K
  class space    used 3882K, capacity 4226K, committed 4348K, reserved 1048576K
}

